2022.12.10 02:10:59 INFO  tracing is disabled for protocol LSP, to enable tracing of incoming and outgoing JSON messages create an empty file at d:\TFGAlvaroSanchez\aws\.metals\lsp.trace.json or C:\Users\alvar\AppData\Local\scalameta\metals\cache\lsp.trace.json
2022.12.10 02:11:00 INFO  logging to file D:\TFGAlvaroSanchez\aws\.metals\metals.log
2022.12.10 02:11:00 INFO  Started: Metals version 0.11.9 in workspace 'D:\TFGAlvaroSanchez\aws' for client Visual Studio Code 1.73.1.
2022.12.10 02:11:02 INFO  time: initialize in 2.03s
2022.12.10 02:11:06 WARN  Build server is not auto-connectable.
2022.12.10 02:11:06 WARN  no build target for: D:\TFGAlvaroSanchez\aws\src\main\scala\Main.scala
dic 10, 2022 2:11:08 A. M. org.eclipse.lsp4j.jsonrpc.RemoteEndpoint handleCancellation
WARNING: Unmatched cancel notification for request id 5
2022.12.10 02:11:15 INFO  no build target found for D:\TFGAlvaroSanchez\aws\src\main\scala\Main.scala. Using presentation compiler with project's scala-library version: 3.2.0
2022.12.10 02:11:18 INFO  time: code lens generation in 10s
2022.12.10 02:11:18 INFO  time: code lens generation in 10s
2022.12.10 02:11:29 WARN  no build target for: D:\TFGAlvaroSanchez\aws\src\main\scala\Main.scala
2022.12.10 02:11:40 WARN  no build target for: D:\TFGAlvaroSanchez\aws\src\main\scala\Main.scala
2022.12.10 02:11:51 INFO  running 'C:\Program Files\Java\jdk-17.0.2\bin\java -Djline.terminal=jline.UnsupportedTerminal -Dsbt.log.noformat=true -Dfile.encoding=UTF-8 -jar C:\Users\alvar\AppData\Local\Temp\metals4389963080771408014\sbt-launch.jar -Dbloop.export-jar-classifiers=sources bloopInstall'
2022.12.10 02:11:54 INFO  [info] welcome to sbt 1.8.0 (Oracle Corporation Java 17.0.2)
2022.12.10 02:11:56 INFO  [info] loading global plugins from C:\Users\alvar\.sbt\1.0\plugins
2022.12.10 02:12:00 INFO  [info] loading settings for project aws-build-build from metals.sbt ...
2022.12.10 02:12:00 INFO  [info] loading project definition from D:\TFGAlvaroSanchez\aws\project\project
2022.12.10 02:12:06 INFO  [info] loading settings for project aws-build from metals.sbt ...
2022.12.10 02:12:06 INFO  [info] loading project definition from D:\TFGAlvaroSanchez\aws\project
2022.12.10 02:12:16 INFO  [success] Generated .bloop\aws-build.json
2022.12.10 02:12:16 INFO  [success] Total time: 9 s, completed 10 dic 2022 2:12:16
2022.12.10 02:12:22 INFO  [info] loading settings for project aws from build.sbt ...
2022.12.10 02:12:22 INFO  [info] set current project to aws (in build file:/D:/TFGAlvaroSanchez/aws/)
2022.12.10 02:12:31 INFO  [success] Generated .bloop\aws-test.json
2022.12.10 02:12:31 INFO  [success] Generated .bloop\aws.json
2022.12.10 02:12:31 INFO  [success] Total time: 9 s, completed 10 dic 2022 2:12:32
2022.12.10 02:12:32 INFO  time: ran 'sbt bloopInstall' in 40s
2022.12.10 02:12:32 INFO  Attempting to connect to the build server...
2022.12.10 02:12:32 INFO  Bloop uses C:\Program Files\Java\jdk-17.0.2 defined at C:\Users\alvar\.bloop\bloop.json
2022.12.10 02:12:45 INFO  tracing is disabled for protocol BSP, to enable tracing of incoming and outgoing JSON messages create an empty file at D:\TFGAlvaroSanchez\aws\.metals\bsp.trace.json or C:\Users\alvar\AppData\Local\scalameta\metals\cache\bsp.trace.json
2022.12.10 02:12:48 INFO  Attempting to connect to the build server...
2022.12.10 02:12:48 INFO  Bloop uses C:\Program Files\Java\jdk-17.0.2 defined at C:\Users\alvar\.bloop\bloop.json
2022.12.10 02:12:48 INFO  tracing is disabled for protocol BSP, to enable tracing of incoming and outgoing JSON messages create an empty file at D:\TFGAlvaroSanchez\aws\project\.metals\bsp.trace.json or C:\Users\alvar\AppData\Local\scalameta\metals\cache\bsp.trace.json
2022.12.10 02:13:00 INFO  time: Connected to build server in 27s
2022.12.10 02:13:00 INFO  Connected to Build server: Bloop v1.5.4
2022.12.10 02:13:00 INFO  time: Imported build in 0.41s
2022.12.10 02:13:01 ERROR Failed to fetch mtags for 2.12.8
Error downloading org.scalameta:mtags_2.12.8:0.11.9
  not found: C:\Users\alvar\.ivy2\local\org.scalameta\mtags_2.12.8\0.11.9\ivys\ivy.xml
  not found: https://repo1.maven.org/maven2/org/scalameta/mtags_2.12.8/0.11.9/mtags_2.12.8-0.11.9.pom
  not found: https://oss.sonatype.org/content/repositories/public/org/scalameta/mtags_2.12.8/0.11.9/mtags_2.12.8-0.11.9.pom
  not found: https://oss.sonatype.org/content/repositories/snapshots/org/scalameta/mtags_2.12.8/0.11.9/mtags_2.12.8-0.11.9.pom
2022.12.10 02:13:01 ERROR Failed to fetch mtags for 2.12.8
Error downloading org.scalameta:mtags_2.12.8:0.11.9
  not found: C:\Users\alvar\.ivy2\local\org.scalameta\mtags_2.12.8\0.11.9\ivys\ivy.xml
  not found: https://repo1.maven.org/maven2/org/scalameta/mtags_2.12.8/0.11.9/mtags_2.12.8-0.11.9.pom
  not found: https://oss.sonatype.org/content/repositories/public/org/scalameta/mtags_2.12.8/0.11.9/mtags_2.12.8-0.11.9.pom
  not found: https://oss.sonatype.org/content/repositories/snapshots/org/scalameta/mtags_2.12.8/0.11.9/mtags_2.12.8-0.11.9.pom
2022.12.10 02:13:02 ERROR Failed to fetch mtags for 2.12.8
Error downloading org.scalameta:mtags_2.12.8:0.11.9
  not found: C:\Users\alvar\.ivy2\local\org.scalameta\mtags_2.12.8\0.11.9\ivys\ivy.xml
  not found: https://repo1.maven.org/maven2/org/scalameta/mtags_2.12.8/0.11.9/mtags_2.12.8-0.11.9.pom
  not found: https://oss.sonatype.org/content/repositories/public/org/scalameta/mtags_2.12.8/0.11.9/mtags_2.12.8-0.11.9.pom
  not found: https://oss.sonatype.org/content/repositories/snapshots/org/scalameta/mtags_2.12.8/0.11.9/mtags_2.12.8-0.11.9.pom
2022.12.10 02:13:02 INFO  No mtags for 2.12.8.
2022.12.10 02:13:16 INFO  time: indexed workspace in 15s
2022.12.10 02:13:16 INFO  No mtags for 2.12.8.
2022.12.10 02:13:16 WARN  unsupported Scala 2.12.8
2022.12.10 02:13:17 INFO  compiling aws (1 scala source)
2022.12.10 02:13:18 INFO  shutting down Metals
2022.12.10 02:13:18 INFO  Shut down connection with build server.
2022.12.10 02:13:18 INFO  Shut down connection with build server.
dic 10, 2022 2:13:18 A. M. org.eclipse.lsp4j.jsonrpc.RemoteEndpoint notify
INFO: Failed to send notification message.
org.eclipse.lsp4j.jsonrpc.JsonRpcException: java.nio.channels.ClosedChannelException
	at org.eclipse.lsp4j.jsonrpc.json.StreamMessageConsumer.consume(StreamMessageConsumer.java:72)
	at org.eclipse.lsp4j.jsonrpc.RemoteEndpoint.notify(RemoteEndpoint.java:126)
	at org.eclipse.lsp4j.jsonrpc.RemoteEndpoint.sendCancelNotification(RemoteEndpoint.java:180)
	at org.eclipse.lsp4j.jsonrpc.RemoteEndpoint$1.cancel(RemoteEndpoint.java:150)
	at scala.meta.internal.metals.BuildServerConnection.$anonfun$register$2(BuildServerConnection.scala:321)
	at scala.runtime.java8.JFunction0$mcZ$sp.apply(JFunction0$mcZ$sp.scala:17)
	at scala.util.Try$.apply(Try.scala:210)
	at scala.meta.internal.metals.BuildServerConnection.$anonfun$register$1(BuildServerConnection.scala:321)
	at scala.meta.internal.metals.Cancelable$$anon$1.cancel(Cancelable.scala:18)
	at scala.meta.internal.metals.Cancelable$.$anonfun$cancelAll$1(Cancelable.scala:29)
	at scala.collection.immutable.List.foreach(List.scala:333)
	at scala.meta.internal.metals.Cancelable$.cancelAll(Cancelable.scala:28)
	at scala.meta.internal.metals.MutableCancelable.cancel(MutableCancelable.scala:25)
	at scala.meta.internal.metals.BuildServerConnection.cancel(BuildServerConnection.scala:258)
	at scala.meta.internal.metals.BuildServerConnection.$anonfun$shutdown$1(BuildServerConnection.scala:122)
	at scala.meta.internal.metals.BuildServerConnection.$anonfun$shutdown$1$adapted(BuildServerConnection.scala:115)
	at scala.concurrent.impl.Promise$Transformation.run(Promise.scala:467)
	at java.base/java.util.concurrent.ThreadPoolExecutor.runWorker(ThreadPoolExecutor.java:1136)
	at java.base/java.util.concurrent.ThreadPoolExecutor$Worker.run(ThreadPoolExecutor.java:635)
	at java.base/java.lang.Thread.run(Thread.java:833)
Caused by: java.nio.channels.ClosedChannelException
	at java.base/sun.nio.ch.SocketChannelImpl.ensureOpenAndConnected(SocketChannelImpl.java:215)
	at java.base/sun.nio.ch.SocketChannelImpl.write(SocketChannelImpl.java:527)
	at java.base/sun.nio.ch.SinkChannelImpl.write(SinkChannelImpl.java:123)
	at java.base/java.nio.channels.Channels.writeFullyImpl(Channels.java:74)
	at java.base/java.nio.channels.Channels.writeFully(Channels.java:93)
	at java.base/java.nio.channels.Channels$1.write(Channels.java:171)
	at java.base/java.io.OutputStream.write(OutputStream.java:127)
	at java.base/java.nio.channels.Channels$1.write(Channels.java:151)
	at scala.meta.internal.metals.ClosableOutputStream.write(ClosableOutputStream.scala:26)
	at java.base/java.io.FilterOutputStream.write(FilterOutputStream.java:137)
	at java.base/java.io.FilterOutputStream.write(FilterOutputStream.java:108)
	at org.eclipse.lsp4j.jsonrpc.json.StreamMessageConsumer.consume(StreamMessageConsumer.java:67)
	... 19 more

2022.12.10 02:13:18 INFO  Cancelling compilation on Bloop server
